\BOOKMARK [0][-]{chapter.1}{\376\377\0001\000\040\000F\000i\000l\000e\000\040\000I\000n\000d\000e\000x}{}% 1
\BOOKMARK [1][-]{section.1.1}{\376\377\0001\000.\0001\000\040\000F\000i\000l\000e\000\040\000L\000i\000s\000t}{chapter.1}% 2
\BOOKMARK [0][-]{chapter.2}{\376\377\0002\000\040\000F\000i\000l\000e\000\040\000D\000o\000c\000u\000m\000e\000n\000t\000a\000t\000i\000o\000n}{}% 3
\BOOKMARK [1][-]{section.2.1}{\376\377\0002\000.\0001\000\040\000A\000P\000P\000/\000A\000P\000P\000\137\000S\000M\000A\000R\000T\000H\000O\000M\000E\000\137\000i\000n\000t\000e\000r\000f\000a\000c\000e\000.\000h\000\040\000F\000i\000l\000e\000\040\000R\000e\000f\000e\000r\000e\000n\000c\000e}{chapter.2}% 4
\BOOKMARK [2][-]{subsection.2.1.1}{\376\377\0002\000.\0001\000.\0001\000\040\000D\000e\000t\000a\000i\000l\000e\000d\000\040\000D\000e\000s\000c\000r\000i\000p\000t\000i\000o\000n}{section.2.1}% 5
\BOOKMARK [2][-]{subsection.2.1.2}{\376\377\0002\000.\0001\000.\0002\000\040\000F\000u\000n\000c\000t\000i\000o\000n\000\040\000D\000o\000c\000u\000m\000e\000n\000t\000a\000t\000i\000o\000n}{section.2.1}% 6
\BOOKMARK [3][-]{subsubsection.2.1.2.1}{\376\377\0002\000.\0001\000.\0002\000.\0001\000\040\000A\000P\000P\000\137\000a\000u\000t\000h\000o\000r\000i\000t\000y\000\050\000\051}{subsection.2.1.2}% 7
\BOOKMARK [3][-]{subsubsection.2.1.2.2}{\376\377\0002\000.\0001\000.\0002\000.\0002\000\040\000A\000P\000P\000\137\000p\000o\000w\000e\000r\000G\000a\000r\000a\000g\000e\000D\000o\000o\000r\000\050\000\051}{subsection.2.1.2}% 8
\BOOKMARK [3][-]{subsubsection.2.1.2.3}{\376\377\0002\000.\0001\000.\0002\000.\0003\000\040\000A\000P\000P\000\137\000p\000o\000w\000e\000r\000L\000e\000d\000s\000\050\000\051}{subsection.2.1.2}% 9
\BOOKMARK [3][-]{subsubsection.2.1.2.4}{\376\377\0002\000.\0001\000.\0002\000.\0004\000\040\000A\000P\000P\000\137\000r\000e\000c\000v\000C\000M\000D\000\050\000\051}{subsection.2.1.2}% 10
\BOOKMARK [3][-]{subsubsection.2.1.2.5}{\376\377\0002\000.\0001\000.\0002\000.\0005\000\040\000A\000P\000P\000\137\000s\000e\000n\000d\000C\000M\000D\000\050\000\051}{subsection.2.1.2}% 11
\BOOKMARK [3][-]{subsubsection.2.1.2.6}{\376\377\0002\000.\0001\000.\0002\000.\0006\000\040\000A\000P\000P\000\137\000u\000s\000e\000C\000u\000r\000s\000o\000r\000L\000C\000D\000\050\000\051}{subsection.2.1.2}% 12
\BOOKMARK [3][-]{subsubsection.2.1.2.7}{\376\377\0002\000.\0001\000.\0002\000.\0007\000\040\000A\000P\000P\000\137\000u\000s\000e\000W\000r\000i\000t\000e\000L\000C\000D\000\050\000\051}{subsection.2.1.2}% 13
\BOOKMARK [1][-]{section.2.2}{\376\377\0002\000.\0002\000\040\000A\000P\000P\000/\000A\000P\000P\000\137\000S\000M\000A\000R\000T\000H\000O\000M\000E\000\137\000p\000r\000o\000g\000r\000a\000m\000.\000c\000\040\000F\000i\000l\000e\000\040\000R\000e\000f\000e\000r\000e\000n\000c\000e}{chapter.2}% 14
\BOOKMARK [2][-]{subsection.2.2.1}{\376\377\0002\000.\0002\000.\0001\000\040\000D\000e\000t\000a\000i\000l\000e\000d\000\040\000D\000e\000s\000c\000r\000i\000p\000t\000i\000o\000n}{section.2.2}% 15
\BOOKMARK [2][-]{subsection.2.2.2}{\376\377\0002\000.\0002\000.\0002\000\040\000F\000u\000n\000c\000t\000i\000o\000n\000\040\000D\000o\000c\000u\000m\000e\000n\000t\000a\000t\000i\000o\000n}{section.2.2}% 16
\BOOKMARK [3][-]{subsubsection.2.2.2.1}{\376\377\0002\000.\0002\000.\0002\000.\0001\000\040\000A\000P\000P\000\137\000a\000u\000t\000h\000o\000r\000i\000t\000y\000\050\000\051}{subsection.2.2.2}% 17
\BOOKMARK [3][-]{subsubsection.2.2.2.2}{\376\377\0002\000.\0002\000.\0002\000.\0002\000\040\000A\000P\000P\000\137\000p\000o\000w\000e\000r\000G\000a\000r\000a\000g\000e\000D\000o\000o\000r\000\050\000\051}{subsection.2.2.2}% 18
\BOOKMARK [3][-]{subsubsection.2.2.2.3}{\376\377\0002\000.\0002\000.\0002\000.\0003\000\040\000A\000P\000P\000\137\000p\000o\000w\000e\000r\000L\000e\000d\000s\000\050\000\051}{subsection.2.2.2}% 19
\BOOKMARK [3][-]{subsubsection.2.2.2.4}{\376\377\0002\000.\0002\000.\0002\000.\0004\000\040\000A\000P\000P\000\137\000r\000e\000c\000v\000C\000M\000D\000\050\000\051}{subsection.2.2.2}% 20
\BOOKMARK [3][-]{subsubsection.2.2.2.5}{\376\377\0002\000.\0002\000.\0002\000.\0005\000\040\000A\000P\000P\000\137\000s\000e\000n\000d\000C\000M\000D\000\050\000\051}{subsection.2.2.2}% 21
\BOOKMARK [3][-]{subsubsection.2.2.2.6}{\376\377\0002\000.\0002\000.\0002\000.\0006\000\040\000A\000P\000P\000\137\000u\000s\000e\000C\000u\000r\000s\000o\000r\000L\000C\000D\000\050\000\051}{subsection.2.2.2}% 22
\BOOKMARK [3][-]{subsubsection.2.2.2.7}{\376\377\0002\000.\0002\000.\0002\000.\0007\000\040\000A\000P\000P\000\137\000u\000s\000e\000W\000r\000i\000t\000e\000L\000C\000D\000\050\000\051}{subsection.2.2.2}% 23
\BOOKMARK [1][-]{section.2.3}{\376\377\0002\000.\0003\000\040\000H\000A\000L\000/\000B\000L\000U\000E\000T\000O\000O\000T\000H\000/\000H\000A\000L\000\137\000B\000L\000U\000E\000T\000O\000O\000T\000H\000\137\000i\000n\000t\000e\000r\000f\000a\000c\000e\000.\000h\000\040\000F\000i\000l\000e\000\040\000R\000e\000f\000e\000r\000e\000n\000c\000e}{chapter.2}% 24
\BOOKMARK [2][-]{subsection.2.3.1}{\376\377\0002\000.\0003\000.\0001\000\040\000D\000e\000t\000a\000i\000l\000e\000d\000\040\000D\000e\000s\000c\000r\000i\000p\000t\000i\000o\000n}{section.2.3}% 25
\BOOKMARK [2][-]{subsection.2.3.2}{\376\377\0002\000.\0003\000.\0002\000\040\000F\000u\000n\000c\000t\000i\000o\000n\000\040\000D\000o\000c\000u\000m\000e\000n\000t\000a\000t\000i\000o\000n}{section.2.3}% 26
\BOOKMARK [3][-]{subsubsection.2.3.2.1}{\376\377\0002\000.\0003\000.\0002\000.\0001\000\040\000H\000A\000L\000\137\000e\000s\000t\000a\000b\000l\000i\000s\000h\000B\000l\000u\000e\000t\000o\000o\000t\000h\000\050\000\051}{subsection.2.3.2}% 27
\BOOKMARK [3][-]{subsubsection.2.3.2.2}{\376\377\0002\000.\0003\000.\0002\000.\0002\000\040\000H\000A\000L\000\137\000r\000e\000c\000v\000B\000l\000u\000e\000t\000o\000o\000t\000h\000\050\000\051}{subsection.2.3.2}% 28
\BOOKMARK [1][-]{section.2.4}{\376\377\0002\000.\0004\000\040\000H\000A\000L\000/\000B\000L\000U\000E\000T\000O\000O\000T\000H\000/\000H\000A\000L\000\137\000B\000L\000U\000E\000T\000O\000O\000T\000H\000\137\000p\000r\000o\000g\000r\000a\000m\000.\000c\000\040\000F\000i\000l\000e\000\040\000R\000e\000f\000e\000r\000e\000n\000c\000e}{chapter.2}% 29
\BOOKMARK [2][-]{subsection.2.4.1}{\376\377\0002\000.\0004\000.\0001\000\040\000D\000e\000t\000a\000i\000l\000e\000d\000\040\000D\000e\000s\000c\000r\000i\000p\000t\000i\000o\000n}{section.2.4}% 30
\BOOKMARK [2][-]{subsection.2.4.2}{\376\377\0002\000.\0004\000.\0002\000\040\000F\000u\000n\000c\000t\000i\000o\000n\000\040\000D\000o\000c\000u\000m\000e\000n\000t\000a\000t\000i\000o\000n}{section.2.4}% 31
\BOOKMARK [3][-]{subsubsection.2.4.2.1}{\376\377\0002\000.\0004\000.\0002\000.\0001\000\040\000H\000A\000L\000\137\000e\000s\000t\000a\000b\000l\000i\000s\000h\000B\000l\000u\000e\000t\000o\000o\000t\000h\000\050\000\051}{subsection.2.4.2}% 32
\BOOKMARK [3][-]{subsubsection.2.4.2.2}{\376\377\0002\000.\0004\000.\0002\000.\0002\000\040\000H\000A\000L\000\137\000r\000e\000c\000v\000B\000l\000u\000e\000t\000o\000o\000t\000h\000\050\000\051}{subsection.2.4.2}% 33
\BOOKMARK [1][-]{section.2.5}{\376\377\0002\000.\0005\000\040\000H\000A\000L\000/\000L\000C\000D\000/\000H\000A\000L\000\137\000L\000C\000D\000\137\000i\000n\000t\000e\000r\000f\000a\000c\000e\000.\000h\000\040\000F\000i\000l\000e\000\040\000R\000e\000f\000e\000r\000e\000n\000c\000e}{chapter.2}% 34
\BOOKMARK [2][-]{subsection.2.5.1}{\376\377\0002\000.\0005\000.\0001\000\040\000D\000e\000t\000a\000i\000l\000e\000d\000\040\000D\000e\000s\000c\000r\000i\000p\000t\000i\000o\000n}{section.2.5}% 35
\BOOKMARK [2][-]{subsection.2.5.2}{\376\377\0002\000.\0005\000.\0002\000\040\000F\000u\000n\000c\000t\000i\000o\000n\000\040\000D\000o\000c\000u\000m\000e\000n\000t\000a\000t\000i\000o\000n}{section.2.5}% 36
\BOOKMARK [3][-]{subsubsection.2.5.2.1}{\376\377\0002\000.\0005\000.\0002\000.\0001\000\040\000H\000A\000L\000\137\000L\000C\000D\000\137\000d\000i\000s\000p\000l\000a\000y\000C\000h\000a\000r\000a\000c\000t\000e\000r\000\050\000\051}{subsection.2.5.2}% 37
\BOOKMARK [3][-]{subsubsection.2.5.2.2}{\376\377\0002\000.\0005\000.\0002\000.\0002\000\040\000H\000A\000L\000\137\000L\000C\000D\000\137\000d\000i\000s\000p\000l\000a\000y\000S\000t\000r\000i\000n\000g\000\050\000\051}{subsection.2.5.2}% 38
\BOOKMARK [3][-]{subsubsection.2.5.2.3}{\376\377\0002\000.\0005\000.\0002\000.\0003\000\040\000H\000A\000L\000\137\000L\000C\000D\000\137\000i\000n\000i\000t\000\050\000\051}{subsection.2.5.2}% 39
\BOOKMARK [3][-]{subsubsection.2.5.2.4}{\376\377\0002\000.\0005\000.\0002\000.\0004\000\040\000H\000A\000L\000\137\000L\000C\000D\000\137\000p\000u\000t\000A\000t\000L\000o\000c\000\050\000\051}{subsection.2.5.2}% 40
\BOOKMARK [1][-]{section.2.6}{\376\377\0002\000.\0006\000\040\000H\000A\000L\000/\000L\000C\000D\000/\000H\000A\000L\000\137\000L\000C\000D\000\137\000p\000r\000i\000v\000a\000t\000e\000.\000h\000\040\000F\000i\000l\000e\000\040\000R\000e\000f\000e\000r\000e\000n\000c\000e}{chapter.2}% 41
\BOOKMARK [2][-]{subsection.2.6.1}{\376\377\0002\000.\0006\000.\0001\000\040\000D\000e\000t\000a\000i\000l\000e\000d\000\040\000D\000e\000s\000c\000r\000i\000p\000t\000i\000o\000n}{section.2.6}% 42
\BOOKMARK [1][-]{section.2.7}{\376\377\0002\000.\0007\000\040\000H\000A\000L\000/\000L\000C\000D\000/\000H\000A\000L\000\137\000L\000C\000D\000\137\000p\000r\000o\000g\000r\000a\000m\000.\000c\000\040\000F\000i\000l\000e\000\040\000R\000e\000f\000e\000r\000e\000n\000c\000e}{chapter.2}% 43
\BOOKMARK [2][-]{subsection.2.7.1}{\376\377\0002\000.\0007\000.\0001\000\040\000D\000e\000t\000a\000i\000l\000e\000d\000\040\000D\000e\000s\000c\000r\000i\000p\000t\000i\000o\000n}{section.2.7}% 44
\BOOKMARK [2][-]{subsection.2.7.2}{\376\377\0002\000.\0007\000.\0002\000\040\000F\000u\000n\000c\000t\000i\000o\000n\000\040\000D\000o\000c\000u\000m\000e\000n\000t\000a\000t\000i\000o\000n}{section.2.7}% 45
\BOOKMARK [3][-]{subsubsection.2.7.2.1}{\376\377\0002\000.\0007\000.\0002\000.\0001\000\040\000H\000A\000L\000\137\000L\000C\000D\000\137\000d\000i\000s\000p\000l\000a\000y\000C\000h\000a\000r\000a\000c\000t\000e\000r\000\050\000\051}{subsection.2.7.2}% 46
\BOOKMARK [3][-]{subsubsection.2.7.2.2}{\376\377\0002\000.\0007\000.\0002\000.\0002\000\040\000H\000A\000L\000\137\000L\000C\000D\000\137\000d\000i\000s\000p\000l\000a\000y\000S\000t\000r\000i\000n\000g\000\050\000\051}{subsection.2.7.2}% 47
\BOOKMARK [3][-]{subsubsection.2.7.2.3}{\376\377\0002\000.\0007\000.\0002\000.\0003\000\040\000H\000A\000L\000\137\000L\000C\000D\000\137\000i\000n\000i\000t\000\050\000\051}{subsection.2.7.2}% 48
\BOOKMARK [3][-]{subsubsection.2.7.2.4}{\376\377\0002\000.\0007\000.\0002\000.\0004\000\040\000H\000A\000L\000\137\000L\000C\000D\000\137\000p\000u\000t\000A\000t\000L\000o\000c\000\050\000\051}{subsection.2.7.2}% 49
\BOOKMARK [1][-]{section.2.8}{\376\377\0002\000.\0008\000\040\000H\000A\000L\000/\000L\000E\000D\000/\000H\000A\000L\000\137\000L\000E\000D\000\137\000i\000n\000t\000e\000r\000f\000a\000c\000e\000.\000h\000\040\000F\000i\000l\000e\000\040\000R\000e\000f\000e\000r\000e\000n\000c\000e}{chapter.2}% 50
\BOOKMARK [2][-]{subsection.2.8.1}{\376\377\0002\000.\0008\000.\0001\000\040\000D\000e\000t\000a\000i\000l\000e\000d\000\040\000D\000e\000s\000c\000r\000i\000p\000t\000i\000o\000n}{section.2.8}% 51
\BOOKMARK [2][-]{subsection.2.8.2}{\376\377\0002\000.\0008\000.\0002\000\040\000F\000u\000n\000c\000t\000i\000o\000n\000\040\000D\000o\000c\000u\000m\000e\000n\000t\000a\000t\000i\000o\000n}{section.2.8}% 52
\BOOKMARK [3][-]{subsubsection.2.8.2.1}{\376\377\0002\000.\0008\000.\0002\000.\0001\000\040\000H\000A\000L\000\137\000L\000E\000D\000\137\000p\000o\000w\000e\000r\000\050\000\051}{subsection.2.8.2}% 53
\BOOKMARK [1][-]{section.2.9}{\376\377\0002\000.\0009\000\040\000H\000A\000L\000/\000L\000E\000D\000/\000H\000A\000L\000\137\000L\000E\000D\000\137\000p\000r\000o\000g\000r\000a\000m\000.\000c\000\040\000F\000i\000l\000e\000\040\000R\000e\000f\000e\000r\000e\000n\000c\000e}{chapter.2}% 54
\BOOKMARK [2][-]{subsection.2.9.1}{\376\377\0002\000.\0009\000.\0001\000\040\000D\000e\000t\000a\000i\000l\000e\000d\000\040\000D\000e\000s\000c\000r\000i\000p\000t\000i\000o\000n}{section.2.9}% 55
\BOOKMARK [2][-]{subsection.2.9.2}{\376\377\0002\000.\0009\000.\0002\000\040\000F\000u\000n\000c\000t\000i\000o\000n\000\040\000D\000o\000c\000u\000m\000e\000n\000t\000a\000t\000i\000o\000n}{section.2.9}% 56
\BOOKMARK [3][-]{subsubsection.2.9.2.1}{\376\377\0002\000.\0009\000.\0002\000.\0001\000\040\000H\000A\000L\000\137\000L\000E\000D\000\137\000p\000o\000w\000e\000r\000\050\000\051}{subsection.2.9.2}% 57
\BOOKMARK [1][-]{section.2.10}{\376\377\0002\000.\0001\0000\000\040\000L\000S\000T\000D\000/\000L\000S\000T\000D\000\137\000B\000I\000T\000M\000A\000T\000H\000.\000h\000\040\000F\000i\000l\000e\000\040\000R\000e\000f\000e\000r\000e\000n\000c\000e}{chapter.2}% 58
\BOOKMARK [2][-]{subsection.2.10.1}{\376\377\0002\000.\0001\0000\000.\0001\000\040\000D\000e\000t\000a\000i\000l\000e\000d\000\040\000D\000e\000s\000c\000r\000i\000p\000t\000i\000o\000n}{section.2.10}% 59
\BOOKMARK [1][-]{section.2.11}{\376\377\0002\000.\0001\0001\000\040\000L\000S\000T\000D\000/\000L\000S\000T\000D\000\137\000T\000Y\000P\000E\000S\000.\000h\000\040\000F\000i\000l\000e\000\040\000R\000e\000f\000e\000r\000e\000n\000c\000e}{chapter.2}% 60
\BOOKMARK [2][-]{subsection.2.11.1}{\376\377\0002\000.\0001\0001\000.\0001\000\040\000D\000e\000t\000a\000i\000l\000e\000d\000\040\000D\000e\000s\000c\000r\000i\000p\000t\000i\000o\000n}{section.2.11}% 61
\BOOKMARK [1][-]{section.2.12}{\376\377\0002\000.\0001\0002\000\040\000m\000a\000i\000n\000.\000c\000\040\000F\000i\000l\000e\000\040\000R\000e\000f\000e\000r\000e\000n\000c\000e}{chapter.2}% 62
\BOOKMARK [2][-]{subsection.2.12.1}{\376\377\0002\000.\0001\0002\000.\0001\000\040\000D\000e\000t\000a\000i\000l\000e\000d\000\040\000D\000e\000s\000c\000r\000i\000p\000t\000i\000o\000n}{section.2.12}% 63
\BOOKMARK [2][-]{subsection.2.12.2}{\376\377\0002\000.\0001\0002\000.\0002\000\040\000F\000u\000n\000c\000t\000i\000o\000n\000\040\000D\000o\000c\000u\000m\000e\000n\000t\000a\000t\000i\000o\000n}{section.2.12}% 64
\BOOKMARK [3][-]{subsubsection.2.12.2.1}{\376\377\0002\000.\0001\0002\000.\0002\000.\0001\000\040\000m\000a\000i\000n\000\050\000\051}{subsection.2.12.2}% 65
\BOOKMARK [1][-]{section.2.13}{\376\377\0002\000.\0001\0003\000\040\000M\000C\000A\000L\000/\000G\000P\000I\000O\000/\000M\000C\000A\000L\000\137\000G\000P\000I\000O\000\137\000i\000n\000t\000e\000r\000f\000a\000c\000e\000.\000h\000\040\000F\000i\000l\000e\000\040\000R\000e\000f\000e\000r\000e\000n\000c\000e}{chapter.2}% 66
\BOOKMARK [2][-]{subsection.2.13.1}{\376\377\0002\000.\0001\0003\000.\0001\000\040\000D\000e\000t\000a\000i\000l\000e\000d\000\040\000D\000e\000s\000c\000r\000i\000p\000t\000i\000o\000n}{section.2.13}% 67
\BOOKMARK [2][-]{subsection.2.13.2}{\376\377\0002\000.\0001\0003\000.\0002\000\040\000F\000u\000n\000c\000t\000i\000o\000n\000\040\000D\000o\000c\000u\000m\000e\000n\000t\000a\000t\000i\000o\000n}{section.2.13}% 68
\BOOKMARK [3][-]{subsubsection.2.13.2.1}{\376\377\0002\000.\0001\0003\000.\0002\000.\0001\000\040\000M\000C\000A\000L\000\137\000G\000P\000I\000O\000\137\000G\000e\000t\000P\000i\000n\000S\000t\000a\000t\000e\000\050\000\051}{subsection.2.13.2}% 69
\BOOKMARK [3][-]{subsubsection.2.13.2.2}{\376\377\0002\000.\0001\0003\000.\0002\000.\0002\000\040\000M\000C\000A\000L\000\137\000G\000P\000I\000O\000\137\000P\000i\000n\000M\000o\000d\000e\000\050\000\051}{subsection.2.13.2}% 70
\BOOKMARK [3][-]{subsubsection.2.13.2.3}{\376\377\0002\000.\0001\0003\000.\0002\000.\0003\000\040\000M\000C\000A\000L\000\137\000G\000P\000I\000O\000\137\000P\000i\000n\000S\000t\000a\000t\000e\000\050\000\051}{subsection.2.13.2}% 71
\BOOKMARK [3][-]{subsubsection.2.13.2.4}{\376\377\0002\000.\0001\0003\000.\0002\000.\0004\000\040\000M\000C\000A\000L\000\137\000G\000P\000I\000O\000\137\000T\000o\000g\000g\000l\000e\000P\000i\000n\000\050\000\051}{subsection.2.13.2}% 72
\BOOKMARK [1][-]{section.2.14}{\376\377\0002\000.\0001\0004\000\040\000M\000C\000A\000L\000/\000G\000P\000I\000O\000/\000M\000C\000A\000L\000\137\000G\000P\000I\000O\000\137\000p\000r\000i\000v\000a\000t\000e\000.\000h\000\040\000F\000i\000l\000e\000\040\000R\000e\000f\000e\000r\000e\000n\000c\000e}{chapter.2}% 73
\BOOKMARK [2][-]{subsection.2.14.1}{\376\377\0002\000.\0001\0004\000.\0001\000\040\000D\000e\000t\000a\000i\000l\000e\000d\000\040\000D\000e\000s\000c\000r\000i\000p\000t\000i\000o\000n}{section.2.14}% 74
\BOOKMARK [2][-]{subsection.2.14.2}{\376\377\0002\000.\0001\0004\000.\0002\000\040\000M\000a\000c\000r\000o\000\040\000D\000e\000f\000i\000n\000i\000t\000i\000o\000n\000\040\000D\000o\000c\000u\000m\000e\000n\000t\000a\000t\000i\000o\000n}{section.2.14}% 75
\BOOKMARK [3][-]{subsubsection.2.14.2.1}{\376\377\0002\000.\0001\0004\000.\0002\000.\0001\000\040\000M\000C\000A\000L\000\137\000P\000O\000R\000T\000A}{subsection.2.14.2}% 76
\BOOKMARK [1][-]{section.2.15}{\376\377\0002\000.\0001\0005\000\040\000M\000C\000A\000L\000/\000G\000P\000I\000O\000/\000M\000C\000A\000L\000\137\000G\000P\000I\000O\000\137\000p\000r\000o\000g\000r\000a\000m\000.\000c\000\040\000F\000i\000l\000e\000\040\000R\000e\000f\000e\000r\000e\000n\000c\000e}{chapter.2}% 77
\BOOKMARK [2][-]{subsection.2.15.1}{\376\377\0002\000.\0001\0005\000.\0001\000\040\000D\000e\000t\000a\000i\000l\000e\000d\000\040\000D\000e\000s\000c\000r\000i\000p\000t\000i\000o\000n}{section.2.15}% 78
\BOOKMARK [2][-]{subsection.2.15.2}{\376\377\0002\000.\0001\0005\000.\0002\000\040\000F\000u\000n\000c\000t\000i\000o\000n\000\040\000D\000o\000c\000u\000m\000e\000n\000t\000a\000t\000i\000o\000n}{section.2.15}% 79
\BOOKMARK [3][-]{subsubsection.2.15.2.1}{\376\377\0002\000.\0001\0005\000.\0002\000.\0001\000\040\000M\000C\000A\000L\000\137\000G\000P\000I\000O\000\137\000G\000e\000t\000P\000i\000n\000S\000t\000a\000t\000e\000\050\000\051}{subsection.2.15.2}% 80
\BOOKMARK [3][-]{subsubsection.2.15.2.2}{\376\377\0002\000.\0001\0005\000.\0002\000.\0002\000\040\000M\000C\000A\000L\000\137\000G\000P\000I\000O\000\137\000P\000i\000n\000M\000o\000d\000e\000\050\000\051}{subsection.2.15.2}% 81
\BOOKMARK [3][-]{subsubsection.2.15.2.3}{\376\377\0002\000.\0001\0005\000.\0002\000.\0003\000\040\000M\000C\000A\000L\000\137\000G\000P\000I\000O\000\137\000P\000i\000n\000S\000t\000a\000t\000e\000\050\000\051}{subsection.2.15.2}% 82
\BOOKMARK [3][-]{subsubsection.2.15.2.4}{\376\377\0002\000.\0001\0005\000.\0002\000.\0004\000\040\000M\000C\000A\000L\000\137\000G\000P\000I\000O\000\137\000T\000o\000g\000g\000l\000e\000P\000i\000n\000\050\000\051}{subsection.2.15.2}% 83
\BOOKMARK [1][-]{section.2.16}{\376\377\0002\000.\0001\0006\000\040\000M\000C\000A\000L\000/\000S\000P\000I\000/\000M\000C\000A\000L\000\137\000S\000P\000I\000\137\000i\000n\000t\000e\000r\000f\000a\000c\000e\000.\000h\000\040\000F\000i\000l\000e\000\040\000R\000e\000f\000e\000r\000e\000n\000c\000e}{chapter.2}% 84
\BOOKMARK [2][-]{subsection.2.16.1}{\376\377\0002\000.\0001\0006\000.\0001\000\040\000D\000e\000t\000a\000i\000l\000e\000d\000\040\000D\000e\000s\000c\000r\000i\000p\000t\000i\000o\000n}{section.2.16}% 85
\BOOKMARK [2][-]{subsection.2.16.2}{\376\377\0002\000.\0001\0006\000.\0002\000\040\000F\000u\000n\000c\000t\000i\000o\000n\000\040\000D\000o\000c\000u\000m\000e\000n\000t\000a\000t\000i\000o\000n}{section.2.16}% 86
\BOOKMARK [3][-]{subsubsection.2.16.2.1}{\376\377\0002\000.\0001\0006\000.\0002\000.\0001\000\040\000M\000C\000A\000L\000\137\000S\000P\000I\000\137\000i\000n\000i\000t\000\050\000\051}{subsection.2.16.2}% 87
\BOOKMARK [3][-]{subsubsection.2.16.2.2}{\376\377\0002\000.\0001\0006\000.\0002\000.\0002\000\040\000M\000C\000A\000L\000\137\000S\000P\000I\000\137\000m\000a\000s\000t\000e\000r\000S\000e\000n\000d\000R\000e\000c\000v\000B\000y\000t\000e\000\050\000\051}{subsection.2.16.2}% 88
\BOOKMARK [3][-]{subsubsection.2.16.2.3}{\376\377\0002\000.\0001\0006\000.\0002\000.\0003\000\040\000M\000C\000A\000L\000\137\000S\000P\000I\000\137\000s\000l\000a\000v\000e\000S\000e\000n\000d\000R\000e\000c\000v\000B\000y\000t\000e\000\050\000\051}{subsection.2.16.2}% 89
\BOOKMARK [1][-]{section.2.17}{\376\377\0002\000.\0001\0007\000\040\000M\000C\000A\000L\000/\000S\000P\000I\000/\000M\000C\000A\000L\000\137\000S\000P\000I\000\137\000p\000r\000i\000v\000a\000t\000e\000.\000h\000\040\000F\000i\000l\000e\000\040\000R\000e\000f\000e\000r\000e\000n\000c\000e}{chapter.2}% 90
\BOOKMARK [2][-]{subsection.2.17.1}{\376\377\0002\000.\0001\0007\000.\0001\000\040\000D\000e\000t\000a\000i\000l\000e\000d\000\040\000D\000e\000s\000c\000r\000i\000p\000t\000i\000o\000n}{section.2.17}% 91
\BOOKMARK [1][-]{section.2.18}{\376\377\0002\000.\0001\0008\000\040\000M\000C\000A\000L\000/\000S\000P\000I\000/\000M\000C\000A\000L\000\137\000S\000P\000I\000\137\000p\000r\000o\000g\000r\000a\000m\000.\000c\000\040\000F\000i\000l\000e\000\040\000R\000e\000f\000e\000r\000e\000n\000c\000e}{chapter.2}% 92
\BOOKMARK [2][-]{subsection.2.18.1}{\376\377\0002\000.\0001\0008\000.\0001\000\040\000D\000e\000t\000a\000i\000l\000e\000d\000\040\000D\000e\000s\000c\000r\000i\000p\000t\000i\000o\000n}{section.2.18}% 93
\BOOKMARK [2][-]{subsection.2.18.2}{\376\377\0002\000.\0001\0008\000.\0002\000\040\000F\000u\000n\000c\000t\000i\000o\000n\000\040\000D\000o\000c\000u\000m\000e\000n\000t\000a\000t\000i\000o\000n}{section.2.18}% 94
\BOOKMARK [3][-]{subsubsection.2.18.2.1}{\376\377\0002\000.\0001\0008\000.\0002\000.\0001\000\040\000M\000C\000A\000L\000\137\000S\000P\000I\000\137\000i\000n\000i\000t\000\050\000\051}{subsection.2.18.2}% 95
\BOOKMARK [3][-]{subsubsection.2.18.2.2}{\376\377\0002\000.\0001\0008\000.\0002\000.\0002\000\040\000M\000C\000A\000L\000\137\000S\000P\000I\000\137\000m\000a\000s\000t\000e\000r\000S\000e\000n\000d\000R\000e\000c\000v\000B\000y\000t\000e\000\050\000\051}{subsection.2.18.2}% 96
\BOOKMARK [3][-]{subsubsection.2.18.2.3}{\376\377\0002\000.\0001\0008\000.\0002\000.\0003\000\040\000M\000C\000A\000L\000\137\000S\000P\000I\000\137\000s\000l\000a\000v\000e\000S\000e\000n\000d\000R\000e\000c\000v\000B\000y\000t\000e\000\050\000\051}{subsection.2.18.2}% 97
\BOOKMARK [1][-]{section.2.19}{\376\377\0002\000.\0001\0009\000\040\000M\000C\000A\000L\000/\000U\000A\000R\000T\000/\000M\000C\000A\000L\000\137\000U\000A\000R\000T\000\137\000i\000n\000t\000e\000r\000f\000a\000c\000e\000.\000h\000\040\000F\000i\000l\000e\000\040\000R\000e\000f\000e\000r\000e\000n\000c\000e}{chapter.2}% 98
\BOOKMARK [2][-]{subsection.2.19.1}{\376\377\0002\000.\0001\0009\000.\0001\000\040\000D\000e\000t\000a\000i\000l\000e\000d\000\040\000D\000e\000s\000c\000r\000i\000p\000t\000i\000o\000n}{section.2.19}% 99
\BOOKMARK [2][-]{subsection.2.19.2}{\376\377\0002\000.\0001\0009\000.\0002\000\040\000F\000u\000n\000c\000t\000i\000o\000n\000\040\000D\000o\000c\000u\000m\000e\000n\000t\000a\000t\000i\000o\000n}{section.2.19}% 100
\BOOKMARK [3][-]{subsubsection.2.19.2.1}{\376\377\0002\000.\0001\0009\000.\0002\000.\0001\000\040\000M\000C\000A\000L\000\137\000U\000A\000R\000T\000\137\000i\000n\000i\000t\000\050\000\051}{subsection.2.19.2}% 101
\BOOKMARK [3][-]{subsubsection.2.19.2.2}{\376\377\0002\000.\0001\0009\000.\0002\000.\0002\000\040\000M\000C\000A\000L\000\137\000U\000A\000R\000T\000\137\000r\000e\000c\000v\000B\000y\000t\000e\000\050\000\051}{subsection.2.19.2}% 102
\BOOKMARK [3][-]{subsubsection.2.19.2.3}{\376\377\0002\000.\0001\0009\000.\0002\000.\0003\000\040\000M\000C\000A\000L\000\137\000U\000A\000R\000T\000\137\000s\000e\000n\000d\000B\000y\000t\000e\000\050\000\051}{subsection.2.19.2}% 103
\BOOKMARK [3][-]{subsubsection.2.19.2.4}{\376\377\0002\000.\0001\0009\000.\0002\000.\0004\000\040\000M\000C\000A\000L\000\137\000U\000A\000R\000T\000\137\000s\000e\000n\000d\000S\000t\000r\000e\000a\000m\000\050\000\051}{subsection.2.19.2}% 104
\BOOKMARK [1][-]{section.2.20}{\376\377\0002\000.\0002\0000\000\040\000M\000C\000A\000L\000/\000U\000A\000R\000T\000/\000M\000C\000A\000L\000\137\000U\000A\000R\000T\000\137\000p\000r\000i\000v\000a\000t\000e\000.\000h\000\040\000F\000i\000l\000e\000\040\000R\000e\000f\000e\000r\000e\000n\000c\000e}{chapter.2}% 105
\BOOKMARK [2][-]{subsection.2.20.1}{\376\377\0002\000.\0002\0000\000.\0001\000\040\000D\000e\000t\000a\000i\000l\000e\000d\000\040\000D\000e\000s\000c\000r\000i\000p\000t\000i\000o\000n}{section.2.20}% 106
\BOOKMARK [1][-]{section.2.21}{\376\377\0002\000.\0002\0001\000\040\000M\000C\000A\000L\000/\000U\000A\000R\000T\000/\000M\000C\000A\000L\000\137\000U\000A\000R\000T\000\137\000p\000r\000o\000g\000r\000a\000m\000.\000c\000\040\000F\000i\000l\000e\000\040\000R\000e\000f\000e\000r\000e\000n\000c\000e}{chapter.2}% 107
\BOOKMARK [2][-]{subsection.2.21.1}{\376\377\0002\000.\0002\0001\000.\0001\000\040\000D\000e\000t\000a\000i\000l\000e\000d\000\040\000D\000e\000s\000c\000r\000i\000p\000t\000i\000o\000n}{section.2.21}% 108
\BOOKMARK [2][-]{subsection.2.21.2}{\376\377\0002\000.\0002\0001\000.\0002\000\040\000F\000u\000n\000c\000t\000i\000o\000n\000\040\000D\000o\000c\000u\000m\000e\000n\000t\000a\000t\000i\000o\000n}{section.2.21}% 109
\BOOKMARK [3][-]{subsubsection.2.21.2.1}{\376\377\0002\000.\0002\0001\000.\0002\000.\0001\000\040\000M\000C\000A\000L\000\137\000U\000A\000R\000T\000\137\000i\000n\000i\000t\000\050\000\051}{subsection.2.21.2}% 110
\BOOKMARK [3][-]{subsubsection.2.21.2.2}{\376\377\0002\000.\0002\0001\000.\0002\000.\0002\000\040\000M\000C\000A\000L\000\137\000U\000A\000R\000T\000\137\000r\000e\000c\000v\000B\000y\000t\000e\000\050\000\051}{subsection.2.21.2}% 111
\BOOKMARK [3][-]{subsubsection.2.21.2.3}{\376\377\0002\000.\0002\0001\000.\0002\000.\0003\000\040\000M\000C\000A\000L\000\137\000U\000A\000R\000T\000\137\000s\000e\000n\000d\000B\000y\000t\000e\000\050\000\051}{subsection.2.21.2}% 112
\BOOKMARK [3][-]{subsubsection.2.21.2.4}{\376\377\0002\000.\0002\0001\000.\0002\000.\0004\000\040\000M\000C\000A\000L\000\137\000U\000A\000R\000T\000\137\000s\000e\000n\000d\000S\000t\000r\000e\000a\000m\000\050\000\051}{subsection.2.21.2}% 113
\BOOKMARK [0][-]{section*.33}{\376\377\000I\000n\000d\000e\000x}{}% 114
